<?xml version="1.0" encoding="UTF-8"?>
<robot generator="Robot 7.2.2 (Python 3.12.6 on win32)" generated="2025-05-19T17:43:17.689798" rpa="false" schemaversion="5">
<suite id="s1" name="Test Menu" source="E:\Dev2\robot_framework\tests\test_menu.robot">
<test id="s1-t1" name="Test Menu" line="6">
<kw name="Open Browser" owner="SeleniumLibrary">
<msg time="2025-05-19T17:43:18.055117" level="INFO">Opening browser 'Chrome' to base url 'http://selenium1py.pythonanywhere.com/ru/'.</msg>
<arg>${BASE_URL}</arg>
<arg>Chrome</arg>
<doc>Opens a new browser instance to the optional ``url``.</doc>
<status status="PASS" start="2025-05-19T17:43:18.055117" elapsed="2.942699"/>
</kw>
<kw name="Click Element" owner="SeleniumLibrary">
<msg time="2025-05-19T17:43:20.998818" level="INFO">Clicking element 'css=[tabindex="-1"]'.</msg>
<arg>css=[tabindex="-1"]</arg>
<doc>Click the element identified by ``locator``.</doc>
<status status="PASS" start="2025-05-19T17:43:20.997816" elapsed="1.579606"/>
</kw>
<kw name="Page Should Contain Element" owner="SeleniumLibrary">
<msg time="2025-05-19T17:43:22.585422" level="INFO">Current page contains element 'css=.page-header h1'.</msg>
<arg>css=.page-header h1</arg>
<doc>Verifies that element ``locator`` is found on the current page.</doc>
<status status="PASS" start="2025-05-19T17:43:22.578422" elapsed="0.007000"/>
</kw>
<kw name="Close Browser" owner="SeleniumLibrary" type="TEARDOWN">
<doc>Closes the current browser.</doc>
<status status="PASS" start="2025-05-19T17:43:22.586422" elapsed="2.104011"/>
</kw>
<status status="PASS" start="2025-05-19T17:43:18.053117" elapsed="6.637316"/>
</test>
<status status="PASS" start="2025-05-19T17:43:17.690798" elapsed="7.001603"/>
</suite>
<statistics>
<total>
<stat pass="1" fail="0" skip="0">All Tests</stat>
</total>
<tag>
</tag>
<suite>
<stat name="Test Menu" id="s1" pass="1" fail="0" skip="0">Test Menu</stat>
</suite>
</statistics>
<errors>
</errors>
</robot>
